22:45:39,391 INFO  [org.jboss.modules] JBoss Modules version 1.1.1.GA
22:45:39,602 INFO  [org.jboss.msc] JBoss MSC version 1.0.2.GA
22:45:39,640 INFO  [org.jboss.as] JBAS015899: JBoss AS 7.1.1.Final "Brontes" starting
22:45:39,641 DEBUG [org.jboss.as.config] Configured system properties:
	awt.toolkit = sun.awt.windows.WToolkit
	file.encoding = Cp1250
	file.encoding.pkg = sun.io
	file.separator = \
	java.awt.graphicsenv = sun.awt.Win32GraphicsEnvironment
	java.awt.printerjob = sun.awt.windows.WPrinterJob
	java.class.path = C:\Users\bwplo_000\IdeaProjects\CloudNote\jBoss\jboss-modules.jar
	java.class.version = 51.0
	java.endorsed.dirs = C:\Program Files\Java\jdk1.7.0_21\jre\lib\endorsed
	java.ext.dirs = C:\Program Files\Java\jdk1.7.0_21\jre\lib\ext;C:\WINDOWS\Sun\Java\lib\ext
	java.home = C:\Program Files\Java\jdk1.7.0_21\jre
	java.io.tmpdir = C:\Users\BWPLO_~1\AppData\Local\Temp\
	java.library.path = C:\Program Files\Java\jdk1.7.0_21\bin;C:\WINDOWS\Sun\Java\bin;C:\WINDOWS\system32;C:\WINDOWS;D:\Programs\Git\bin;D:\Programs\Git\bin;D:\Programs\Git\bin;D:\Programs\Git\bin;D:\Programs\Git\bin;D:\Programs\Git\bin;C:\Program Files (x86)\NVIDIA Corporation\PhysX\Common;C:\Program Files (x86)\AMD APP\bin\x86_64;C:\Program Files (x86)\AMD APP\bin\x86;C:\WINDOWS\system32;C:\WINDOWS;C:\WINDOWS\System32\Wbem;C:\WINDOWS\System32\WindowsPowerShell\v1.0\;C:\Program Files (x86)\ATI Technologies\ATI.ACE\Core-Static;C:\Program Files\Microsoft\Web Platform Installer\;C:\Program Files (x86)\Microsoft ASP.NET\ASP.NET Web Pages\v1.0\;C:\Program Files (x86)\Windows Kits\8.0\Windows Performance Toolkit\;C:\Program Files\Microsoft SQL Server\110\Tools\Binn\;D:\Programs\Matlab R2011a\runtime\win64;D:\Programs\Matlab R2011a\bin;C:\Program Files\Microsoft SQL Server\110\DTS\Binn\;C:\Program Files (x86)\Microsoft SQL Server\110\Tools\Binn\;C:\Program Files (x86)\Microsoft SQL Server\110\Tools\Binn\ManagementStudio\;C:\Program Files (x86)\Microsoft Visual Studio 10.0\Common7\IDE\PrivateAssemblies\;C:\Program Files (x86)\Microsoft SQL Server\110\DTS\Binn\;C:\Program Files\SourceGear\Common\DiffMerge\;C:\Program Files (x86)\QuickTime\QTSystem\;D:\Programs\TortoiseSVN\bin;.
	java.net.preferIPv4Stack = true
	java.runtime.name = Java(TM) SE Runtime Environment
	java.runtime.version = 1.7.0_21-b11
	java.specification.name = Java Platform API Specification
	java.specification.vendor = Oracle Corporation
	java.specification.version = 1.7
	java.util.logging.manager = org.jboss.logmanager.LogManager
	java.vendor = Oracle Corporation
	java.vendor.url = http://java.oracle.com/
	java.vendor.url.bug = http://bugreport.sun.com/bugreport/
	java.version = 1.7.0_21
	java.vm.info = mixed mode
	java.vm.name = Java HotSpot(TM) 64-Bit Server VM
	java.vm.specification.name = Java Virtual Machine Specification
	java.vm.specification.vendor = Oracle Corporation
	java.vm.specification.version = 1.7
	java.vm.vendor = Oracle Corporation
	java.vm.version = 23.21-b01
	javax.management.builder.initial = org.jboss.as.jmx.PluggableMBeanServerBuilder
	javax.xml.datatype.DatatypeFactory = __redirected.__DatatypeFactory
	javax.xml.parsers.DocumentBuilderFactory = __redirected.__DocumentBuilderFactory
	javax.xml.parsers.SAXParserFactory = __redirected.__SAXParserFactory
	javax.xml.stream.XMLEventFactory = __redirected.__XMLEventFactory
	javax.xml.stream.XMLInputFactory = __redirected.__XMLInputFactory
	javax.xml.stream.XMLOutputFactory = __redirected.__XMLOutputFactory
	javax.xml.transform.TransformerFactory = __redirected.__TransformerFactory
	javax.xml.validation.SchemaFactory:http://www.w3.org/2001/XMLSchema = __redirected.__SchemaFactory
	javax.xml.xpath.XPathFactory:http://java.sun.com/jaxp/xpath/dom = __redirected.__XPathFactory
	jboss.home.dir = C:\Users\bwplo_000\IdeaProjects\CloudNote\jBoss
	jboss.host.name = _bartek
	jboss.modules.dir = C:\Users\bwplo_000\IdeaProjects\CloudNote\jBoss\modules
	jboss.modules.system.pkgs = org.jboss.byteman
	jboss.node.name = _bartek
	jboss.qualified.host.name = _bartek
	jboss.server.base.dir = C:\Users\bwplo_000\IdeaProjects\CloudNote\jBoss\standalone
	jboss.server.config.dir = C:\Users\bwplo_000\IdeaProjects\CloudNote\jBoss\standalone\configuration
	jboss.server.data.dir = C:\Users\bwplo_000\IdeaProjects\CloudNote\jBoss\standalone\data
	jboss.server.default.config = standalone.xml
	jboss.server.deploy.dir = C:\Users\bwplo_000\IdeaProjects\CloudNote\jBoss\standalone\data\content
	jboss.server.log.dir = C:\Users\bwplo_000\IdeaProjects\CloudNote\jBoss\standalone\log
	jboss.server.name = _bartek
	jboss.server.temp.dir = C:\Users\bwplo_000\IdeaProjects\CloudNote\jBoss\standalone\tmp
	line.separator = 

	logging.configuration = file:C:\Users\bwplo_000\IdeaProjects\CloudNote\jBoss\standalone/configuration/logging.properties
	module.path = C:\Users\bwplo_000\IdeaProjects\CloudNote\jBoss\modules
	org.jboss.boot.log.file = C:\Users\bwplo_000\IdeaProjects\CloudNote\jBoss\standalone\log\boot.log
	org.jboss.resolver.warning = true
	org.xml.sax.driver = __redirected.__XMLReaderFactory
	os.arch = amd64
	os.name = Windows 8
	os.version = 6.2
	path.separator = ;
	program.name = standalone.bat
	sun.arch.data.model = 64
	sun.boot.class.path = C:\Program Files\Java\jdk1.7.0_21\jre\lib\resources.jar;C:\Program Files\Java\jdk1.7.0_21\jre\lib\rt.jar;C:\Program Files\Java\jdk1.7.0_21\jre\lib\sunrsasign.jar;C:\Program Files\Java\jdk1.7.0_21\jre\lib\jsse.jar;C:\Program Files\Java\jdk1.7.0_21\jre\lib\jce.jar;C:\Program Files\Java\jdk1.7.0_21\jre\lib\charsets.jar;C:\Program Files\Java\jdk1.7.0_21\jre\lib\jfr.jar;C:\Program Files\Java\jdk1.7.0_21\jre\classes
	sun.boot.library.path = C:\Program Files\Java\jdk1.7.0_21\jre\bin
	sun.cpu.endian = little
	sun.cpu.isalist = amd64
	sun.desktop = windows
	sun.io.unicode.encoding = UnicodeLittle
	sun.java.command = C:\Users\bwplo_000\IdeaProjects\CloudNote\jBoss\jboss-modules.jar -mp C:\Users\bwplo_000\IdeaProjects\CloudNote\jBoss\modules -jaxpmodule javax.xml.jaxp-provider org.jboss.as.standalone -Djboss.home.dir=C:\Users\bwplo_000\IdeaProjects\CloudNote\jBoss
	sun.java.launcher = SUN_STANDARD
	sun.jnu.encoding = Cp1250
	sun.management.compiler = HotSpot 64-Bit Tiered Compilers
	sun.os.patch.level = 
	sun.rmi.dgc.client.gcInterval = 3600000
	sun.rmi.dgc.server.gcInterval = 3600000
	user.country = US
	user.country.format = PL
	user.dir = C:\Users\bwplo_000\IdeaProjects\CloudNote\jBoss\bin
	user.home = C:\Users\bwplo_000
	user.language = en
	user.language.format = pl
	user.name = bwplo_000
	user.script = 
	user.timezone = Europe/Belgrade
	user.variant = 
22:45:39,658 DEBUG [org.jboss.as.config] VM Arguments: -XX:+TieredCompilation -Dprogram.name=standalone.bat -Xms64M -Xmx512M -XX:MaxPermSize=256M -Dsun.rmi.dgc.client.gcInterval=3600000 -Dsun.rmi.dgc.server.gcInterval=3600000 -Djava.net.preferIPv4Stack=true -Dorg.jboss.resolver.warning=true -Djboss.modules.system.pkgs=org.jboss.byteman -Djboss.server.default.config=standalone.xml -Dorg.jboss.boot.log.file=C:\Users\bwplo_000\IdeaProjects\CloudNote\jBoss\standalone\log\boot.log -Dlogging.configuration=file:C:\Users\bwplo_000\IdeaProjects\CloudNote\jBoss\standalone/configuration/logging.properties 
22:45:40,426 INFO  [org.xnio] XNIO Version 3.0.3.GA
22:45:40,427 INFO  [org.jboss.as.server] JBAS015888: Creating http management service using socket-binding (management-http)
22:45:40,438 INFO  [org.xnio.nio] XNIO NIO Implementation Version 3.0.3.GA
22:45:40,447 INFO  [org.jboss.remoting] JBoss Remoting version 3.2.3.GA
22:45:40,469 INFO  [org.jboss.as.logging] JBAS011502: Removing bootstrap log handlers
22:53:25,683 INFO  [org.jboss.as.logging] JBAS011503: Restored bootstrap log handlers
22:53:25,689 INFO  [org.apache.coyote.http11.Http11Protocol] Pausing Coyote HTTP/1.1 on http--127.0.0.1-8080
22:53:25,690 INFO  [org.apache.coyote.http11.Http11Protocol] Stopping Coyote HTTP/1.1 on http--127.0.0.1-8080
22:53:25,690 INFO  [com.arjuna.ats.jbossatx] ARJUNA032018: Destroying TransactionManagerService
22:53:25,691 INFO  [org.apache.coyote.http11.Http11Protocol] Pausing Coyote HTTP/1.1 on http--127.0.0.1-8443
22:53:25,693 INFO  [com.arjuna.ats.jbossatx] ARJUNA032014: Stopping transaction recovery manager
22:53:25,694 INFO  [org.apache.coyote.http11.Http11Protocol] Stopping Coyote HTTP/1.1 on http--127.0.0.1-8443
22:53:25,700 INFO  [org.jboss.as] JBAS015950: JBoss AS 7.1.1.Final "Brontes" stopped in 18ms
